# JRE version: OpenJDK Runtime Environment (7.0_79-b14) (build 1.7.0_79-b14)
# Java VM: OpenJDK 64-Bit Server VM (24.79-b02 mixed mode linux-amd64 compressed oops)
Heap
 PSYoungGen      total 194048K, used 77086K [0x00000006c0000000, 0x00000006d0400000, 0x0000000800000000)
  eden space 168448K, 30% used [0x00000006c0000000,0x00000006c3277398,0x00000006ca480000)
  from space 25600K, 99% used [0x00000006ceb00000,0x00000006d03d0770,0x00000006d0400000)
  to   space 31232K, 0% used [0x00000006cc700000,0x00000006cc700000,0x00000006ce580000)
 ParOldGen       total 75776K, used 49331K [0x0000000440000000, 0x0000000444a00000, 0x00000006c0000000)
  object space 75776K, 65% used [0x0000000440000000,0x000000044302cd68,0x0000000444a00000)
 PSPermGen       total 21504K, used 4695K [0x0000000400000000, 0x0000000401500000, 0x0000000440000000)
  object space 21504K, 21% used [0x0000000400000000,0x0000000400495c10,0x0000000401500000)
GC Heap History (10 events):
Event: 0.747 GC heap before
{Heap before GC invocations=7 (full 0):
 PSYoungGen      total 71168K, used 71136K [0x00000006c0000000, 0x00000006c5300000, 0x0000000800000000)
  eden space 69632K, 100% used [0x00000006c0000000,0x00000006c4400000,0x00000006c4400000)
  from space 1536K, 97% used [0x00000006c4980000,0x00000006c4af8050,0x00000006c4b00000)
  to   space 5632K, 0% used [0x00000006c4400000,0x00000006c4400000,0x00000006c4980000)
 ParOldGen       total 22016K, used 6914K [0x0000000440000000, 0x0000000441580000, 0x00000006c0000000)
  object space 22016K, 31% used [0x0000000440000000,0x00000004406c0968,0x0000000441580000)
 PSPermGen       total 21504K, used 4372K [0x0000000400000000, 0x0000000401500000, 0x0000000440000000)
  object space 21504K, 20% used [0x0000000400000000,0x0000000400445330,0x0000000401500000)
Event: 0.754 GC heap after
Heap after GC invocations=7 (full 0):
 PSYoungGen      total 75264K, used 5632K [0x00000006c0000000, 0x00000006c9d00000, 0x0000000800000000)
  eden space 69632K, 0% used [0x00000006c0000000,0x00000006c0000000,0x00000006c4400000)
  from space 5632K, 100% used [0x00000006c4400000,0x00000006c4980000,0x00000006c4980000)
  to   space 10752K, 0% used [0x00000006c9280000,0x00000006c9280000,0x00000006c9d00000)
 ParOldGen       total 22016K, used 14987K [0x0000000440000000, 0x0000000441580000, 0x00000006c0000000)
  object space 22016K, 68% used [0x0000000440000000,0x0000000440ea2cb8,0x0000000441580000)
 PSPermGen       total 21504K, used 4372K [0x0000000400000000, 0x0000000401500000, 0x0000000440000000)
  object space 21504K, 20% used [0x0000000400000000,0x0000000400445330,0x0000000401500000)
}
Event: 0.823 GC heap before
{Heap before GC invocations=8 (full 0):
 PSYoungGen      total 75264K, used 75264K [0x00000006c0000000, 0x00000006c9d00000, 0x0000000800000000)
  eden space 69632K, 100% used [0x00000006c0000000,0x00000006c4400000,0x00000006c4400000)
  from space 5632K, 100% used [0x00000006c4400000,0x00000006c4980000,0x00000006c4980000)
  to   space 10752K, 0% used [0x00000006c9280000,0x00000006c9280000,0x00000006c9d00000)
 ParOldGen       total 22016K, used 14987K [0x0000000440000000, 0x0000000441580000, 0x00000006c0000000)
  object space 22016K, 68% used [0x0000000440000000,0x0000000440ea2cb8,0x0000000441580000)
 PSPermGen       total 21504K, used 4372K [0x0000000400000000, 0x0000000401500000, 0x0000000440000000)
  object space 21504K, 20% used [0x0000000400000000,0x0000000400445330,0x0000000401500000)
Event: 0.842 GC heap after
Heap after GC invocations=8 (full 0):
 PSYoungGen      total 144384K, used 10752K [0x00000006c0000000, 0x00000006ca800000, 0x0000000800000000)
  eden space 133632K, 0% used [0x00000006c0000000,0x00000006c0000000,0x00000006c8280000)
  from space 10752K, 100% used [0x00000006c9280000,0x00000006c9d00000,0x00000006c9d00000)
  to   space 16384K, 0% used [0x00000006c8280000,0x00000006c8280000,0x00000006c9280000)
 ParOldGen       total 32768K, used 22443K [0x0000000440000000, 0x0000000442000000, 0x00000006c0000000)
  object space 32768K, 68% used [0x0000000440000000,0x00000004415eacb8,0x0000000442000000)
 PSPermGen       total 21504K, used 4372K [0x0000000400000000, 0x0000000401500000, 0x0000000440000000)
  object space 21504K, 20% used [0x0000000400000000,0x0000000400445330,0x0000000401500000)
}
Event: 0.953 GC heap before
{Heap before GC invocations=9 (full 0):
 PSYoungGen      total 144384K, used 144384K [0x00000006c0000000, 0x00000006ca800000, 0x0000000800000000)
  eden space 133632K, 100% used [0x00000006c0000000,0x00000006c8280000,0x00000006c8280000)
  from space 10752K, 100% used [0x00000006c9280000,0x00000006c9d00000,0x00000006c9d00000)
  to   space 16384K, 0% used [0x00000006c8280000,0x00000006c8280000,0x00000006c9280000)
 ParOldGen       total 32768K, used 22443K [0x0000000440000000, 0x0000000442000000, 0x00000006c0000000)
  object space 32768K, 68% used [0x0000000440000000,0x00000004415eacb8,0x0000000442000000)
 PSPermGen       total 21504K, used 4372K [0x0000000400000000, 0x0000000401500000, 0x0000000440000000)
  object space 21504K, 20% used [0x0000000400000000,0x0000000400445330,0x0000000401500000)
Event: 0.976 GC heap after
Heap after GC invocations=9 (full 0):
 PSYoungGen      total 150016K, used 16384K [0x00000006c0000000, 0x00000006d0500000, 0x0000000800000000)
  eden space 133632K, 0% used [0x00000006c0000000,0x00000006c0000000,0x00000006c8280000)
  from space 16384K, 100% used [0x00000006c8280000,0x00000006c9280000,0x00000006c9280000)
  to   space 26624K, 0% used [0x00000006ceb00000,0x00000006ceb00000,0x00000006d0500000)
 ParOldGen       total 47104K, used 40467K [0x0000000440000000, 0x0000000442e00000, 0x00000006c0000000)
  object space 47104K, 85% used [0x0000000440000000,0x0000000442784cd8,0x0000000442e00000)
 PSPermGen       total 21504K, used 4372K [0x0000000400000000, 0x0000000401500000, 0x0000000440000000)
  object space 21504K, 20% used [0x0000000400000000,0x0000000400445330,0x0000000401500000)
}
Event: 0.976 GC heap before
{Heap before GC invocations=10 (full 1):
 PSYoungGen      total 150016K, used 16384K [0x00000006c0000000, 0x00000006d0500000, 0x0000000800000000)
  eden space 133632K, 0% used [0x00000006c0000000,0x00000006c0000000,0x00000006c8280000)
  from space 16384K, 100% used [0x00000006c8280000,0x00000006c9280000,0x00000006c9280000)
  to   space 26624K, 0% used [0x00000006ceb00000,0x00000006ceb00000,0x00000006d0500000)
 ParOldGen       total 47104K, used 40467K [0x0000000440000000, 0x0000000442e00000, 0x00000006c0000000)
  object space 47104K, 85% used [0x0000000440000000,0x0000000442784cd8,0x0000000442e00000)
 PSPermGen       total 21504K, used 4372K [0x0000000400000000, 0x0000000401500000, 0x0000000440000000)
  object space 21504K, 20% used [0x0000000400000000,0x0000000400445330,0x0000000401500000)
Event: 1.178 GC heap after
Heap after GC invocations=10 (full 1):
 PSYoungGen      total 150016K, used 8692K [0x00000006c0000000, 0x00000006d0500000, 0x0000000800000000)
  eden space 133632K, 0% used [0x00000006c0000000,0x00000006c0000000,0x00000006c8280000)
  from space 16384K, 53% used [0x00000006c8280000,0x00000006c8afd3d8,0x00000006c9280000)
  to   space 26624K, 0% used [0x00000006ceb00000,0x00000006ceb00000,0x00000006d0500000)
 ParOldGen       total 75776K, used 46939K [0x0000000440000000, 0x0000000444a00000, 0x00000006c0000000)
  object space 75776K, 61% used [0x0000000440000000,0x0000000442dd6d68,0x0000000444a00000)
 PSPermGen       total 21504K, used 4371K [0x0000000400000000, 0x0000000401500000, 0x0000000440000000)
  object space 21504K, 20% used [0x0000000400000000,0x0000000400444e58,0x0000000401500000)
}
Event: 1.607 GC heap before
{Heap before GC invocations=11 (full 1):
 PSYoungGen      total 150016K, used 142324K [0x00000006c0000000, 0x00000006d0500000, 0x0000000800000000)
  eden space 133632K, 100% used [0x00000006c0000000,0x00000006c8280000,0x00000006c8280000)
  from space 16384K, 53% used [0x00000006c8280000,0x00000006c8afd3d8,0x00000006c9280000)
  to   space 26624K, 0% used [0x00000006ceb00000,0x00000006ceb00000,0x00000006d0500000)
 ParOldGen       total 75776K, used 46939K [0x0000000440000000, 0x0000000444a00000, 0x00000006c0000000)
  object space 75776K, 61% used [0x0000000440000000,0x0000000442dd6d68,0x0000000444a00000)
 PSPermGen       total 21504K, used 4694K [0x0000000400000000, 0x0000000401500000, 0x0000000440000000)
  object space 21504K, 21% used [0x0000000400000000,0x0000000400495980,0x0000000401500000)
Event: 1.619 GC heap after
Heap after GC invocations=11 (full 1):
 PSYoungGen      total 194048K, used 25409K [0x00000006c0000000, 0x00000006d0400000, 0x0000000800000000)
  eden space 168448K, 0% used [0x00000006c0000000,0x00000006c0000000,0x00000006ca480000)
  from space 25600K, 99% used [0x00000006ceb00000,0x00000006d03d0770,0x00000006d0400000)
  to   space 31232K, 0% used [0x00000006cc700000,0x00000006cc700000,0x00000006ce580000)
 ParOldGen       total 75776K, used 49331K [0x0000000440000000, 0x0000000444a00000, 0x00000006c0000000)
  object space 75776K, 65% used [0x0000000440000000,0x000000044302cd68,0x0000000444a00000)
 PSPermGen       total 21504K, used 4694K [0x0000000400000000, 0x0000000401500000, 0x0000000440000000)
  object space 21504K, 21% used [0x0000000400000000,0x0000000400495980,0x0000000401500000)
}

