# JRE version: OpenJDK Runtime Environment (7.0_79-b14) (build 1.7.0_79-b14)
# Java VM: OpenJDK 64-Bit Server VM (24.79-b02 mixed mode linux-amd64 compressed oops)
Heap
 PSYoungGen      total 151552K, used 87022K [0x00000006c0000000, 0x00000006ccd80000, 0x0000000800000000)
  eden space 133120K, 51% used [0x00000006c0000000,0x00000006c43334d8,0x00000006c8200000)
  from space 18432K, 98% used [0x00000006cbb80000,0x00000006ccd48720,0x00000006ccd80000)
  to   space 23552K, 0% used [0x00000006c9f80000,0x00000006c9f80000,0x00000006cb680000)
 ParOldGen       total 80384K, used 55307K [0x0000000440000000, 0x0000000444e80000, 0x00000006c0000000)
  object space 80384K, 68% used [0x0000000440000000,0x0000000443602d40,0x0000000444e80000)
 PSPermGen       total 21504K, used 4693K [0x0000000400000000, 0x0000000401500000, 0x0000000440000000)
  object space 21504K, 21% used [0x0000000400000000,0x0000000400495478,0x0000000401500000)
GC Heap History (10 events):
Event: 8.252 GC heap before
{Heap before GC invocations=10 (full 1):
 PSYoungGen      total 75264K, used 4080K [0x00000006c0000000, 0x00000006c8080000, 0x0000000800000000)
  eden space 71168K, 0% used [0x00000006c0000000,0x00000006c0000000,0x00000006c4580000)
  from space 4096K, 99% used [0x00000006c4580000,0x00000006c497c010,0x00000006c4980000)
  to   space 8704K, 0% used [0x00000006c7800000,0x00000006c7800000,0x00000006c8080000)
 ParOldGen       total 22016K, used 20068K [0x0000000440000000, 0x0000000441580000, 0x00000006c0000000)
  object space 22016K, 91% used [0x0000000440000000,0x0000000441399190,0x0000000441580000)
 PSPermGen       total 21504K, used 4371K [0x0000000400000000, 0x0000000401500000, 0x0000000440000000)
  object space 21504K, 20% used [0x0000000400000000,0x0000000400444de8,0x0000000401500000)
Event: 8.359 GC heap after
Heap after GC invocations=10 (full 1):
 PSYoungGen      total 75264K, used 1518K [0x00000006c0000000, 0x00000006c8080000, 0x0000000800000000)
  eden space 71168K, 0% used [0x00000006c0000000,0x00000006c0000000,0x00000006c4580000)
  from space 4096K, 37% used [0x00000006c4580000,0x00000006c46fb820,0x00000006c4980000)
  to   space 8704K, 0% used [0x00000006c7800000,0x00000006c7800000,0x00000006c8080000)
 ParOldGen       total 39936K, used 21839K [0x0000000440000000, 0x0000000442700000, 0x00000006c0000000)
  object space 39936K, 54% used [0x0000000440000000,0x0000000441553d10,0x0000000442700000)
 PSPermGen       total 21504K, used 4370K [0x0000000400000000, 0x0000000401500000, 0x0000000440000000)
  object space 21504K, 20% used [0x0000000400000000,0x0000000400444930,0x0000000401500000)
}
Event: 8.418 GC heap before
{Heap before GC invocations=11 (full 1):
 PSYoungGen      total 75264K, used 72686K [0x00000006c0000000, 0x00000006c8080000, 0x0000000800000000)
  eden space 71168K, 100% used [0x00000006c0000000,0x00000006c4580000,0x00000006c4580000)
  from space 4096K, 37% used [0x00000006c4580000,0x00000006c46fb820,0x00000006c4980000)
  to   space 8704K, 0% used [0x00000006c7800000,0x00000006c7800000,0x00000006c8080000)
 ParOldGen       total 39936K, used 21839K [0x0000000440000000, 0x0000000442700000, 0x00000006c0000000)
  object space 39936K, 54% used [0x0000000440000000,0x0000000441553d10,0x0000000442700000)
 PSPermGen       total 21504K, used 4370K [0x0000000400000000, 0x0000000401500000, 0x0000000440000000)
  object space 21504K, 20% used [0x0000000400000000,0x0000000400444930,0x0000000401500000)
Event: 8.445 GC heap after
Heap after GC invocations=11 (full 1):
 PSYoungGen      total 118784K, used 8704K [0x00000006c0000000, 0x00000006c8500000, 0x0000000800000000)
  eden space 110080K, 0% used [0x00000006c0000000,0x00000006c0000000,0x00000006c6b80000)
  from space 8704K, 100% used [0x00000006c7800000,0x00000006c8080000,0x00000006c8080000)
  to   space 12800K, 0% used [0x00000006c6b80000,0x00000006c6b80000,0x00000006c7800000)
 ParOldGen       total 39936K, used 27503K [0x0000000440000000, 0x0000000442700000, 0x00000006c0000000)
  object space 39936K, 68% used [0x0000000440000000,0x0000000441adbd10,0x0000000442700000)
 PSPermGen       total 21504K, used 4370K [0x0000000400000000, 0x0000000401500000, 0x0000000440000000)
  object space 21504K, 20% used [0x0000000400000000,0x0000000400444930,0x0000000401500000)
}
Event: 8.537 GC heap before
{Heap before GC invocations=12 (full 1):
 PSYoungGen      total 118784K, used 118784K [0x00000006c0000000, 0x00000006c8500000, 0x0000000800000000)
  eden space 110080K, 100% used [0x00000006c0000000,0x00000006c6b80000,0x00000006c6b80000)
  from space 8704K, 100% used [0x00000006c7800000,0x00000006c8080000,0x00000006c8080000)
  to   space 12800K, 0% used [0x00000006c6b80000,0x00000006c6b80000,0x00000006c7800000)
 ParOldGen       total 39936K, used 27503K [0x0000000440000000, 0x0000000442700000, 0x00000006c0000000)
  object space 39936K, 68% used [0x0000000440000000,0x0000000441adbd10,0x0000000442700000)
 PSPermGen       total 21504K, used 4370K [0x0000000400000000, 0x0000000401500000, 0x0000000440000000)
  object space 21504K, 20% used [0x0000000400000000,0x0000000400444930,0x0000000401500000)
Event: 8.571 GC heap after
Heap after GC invocations=12 (full 1):
 PSYoungGen      total 122880K, used 12800K [0x00000006c0000000, 0x00000006ccf80000, 0x0000000800000000)
  eden space 110080K, 0% used [0x00000006c0000000,0x00000006c0000000,0x00000006c6b80000)
  from space 12800K, 100% used [0x00000006c6b80000,0x00000006c7800000,0x00000006c7800000)
  to   space 20480K, 0% used [0x00000006cbb80000,0x00000006cbb80000,0x00000006ccf80000)
 ParOldGen       total 50688K, used 42831K [0x0000000440000000, 0x0000000443180000, 0x00000006c0000000)
  object space 50688K, 84% used [0x0000000440000000,0x00000004429d3d10,0x0000000443180000)
 PSPermGen       total 21504K, used 4370K [0x0000000400000000, 0x0000000401500000, 0x0000000440000000)
  object space 21504K, 20% used [0x0000000400000000,0x0000000400444930,0x0000000401500000)
}
Event: 8.571 GC heap before
{Heap before GC invocations=13 (full 2):
 PSYoungGen      total 122880K, used 12800K [0x00000006c0000000, 0x00000006ccf80000, 0x0000000800000000)
  eden space 110080K, 0% used [0x00000006c0000000,0x00000006c0000000,0x00000006c6b80000)
  from space 12800K, 100% used [0x00000006c6b80000,0x00000006c7800000,0x00000006c7800000)
  to   space 20480K, 0% used [0x00000006cbb80000,0x00000006cbb80000,0x00000006ccf80000)
 ParOldGen       total 50688K, used 42831K [0x0000000440000000, 0x0000000443180000, 0x00000006c0000000)
  object space 50688K, 84% used [0x0000000440000000,0x00000004429d3d10,0x0000000443180000)
 PSPermGen       total 21504K, used 4370K [0x0000000400000000, 0x0000000401500000, 0x0000000440000000)
  object space 21504K, 20% used [0x0000000400000000,0x0000000400444930,0x0000000401500000)
Event: 8.810 GC heap after
Heap after GC invocations=13 (full 2):
 PSYoungGen      total 122880K, used 4602K [0x00000006c0000000, 0x00000006ccf80000, 0x0000000800000000)
  eden space 110080K, 0% used [0x00000006c0000000,0x00000006c0000000,0x00000006c6b80000)
  from space 12800K, 35% used [0x00000006c6b80000,0x00000006c6ffe8e8,0x00000006c7800000)
  to   space 20480K, 0% used [0x00000006cbb80000,0x00000006cbb80000,0x00000006ccf80000)
 ParOldGen       total 80384K, used 50651K [0x0000000440000000, 0x0000000444e80000, 0x00000006c0000000)
  object space 80384K, 63% used [0x0000000440000000,0x0000000443176d40,0x0000000444e80000)
 PSPermGen       total 21504K, used 4370K [0x0000000400000000, 0x0000000401500000, 0x0000000440000000)
  object space 21504K, 20% used [0x0000000400000000,0x0000000400444930,0x0000000401500000)
}
Event: 9.089 GC heap before
{Heap before GC invocations=14 (full 2):
 PSYoungGen      total 122880K, used 114682K [0x00000006c0000000, 0x00000006ccf80000, 0x0000000800000000)
  eden space 110080K, 100% used [0x00000006c0000000,0x00000006c6b80000,0x00000006c6b80000)
  from space 12800K, 35% used [0x00000006c6b80000,0x00000006c6ffe8e8,0x00000006c7800000)
  to   space 20480K, 0% used [0x00000006cbb80000,0x00000006cbb80000,0x00000006ccf80000)
 ParOldGen       total 80384K, used 50651K [0x0000000440000000, 0x0000000444e80000, 0x00000006c0000000)
  object space 80384K, 63% used [0x0000000440000000,0x0000000443176d40,0x0000000444e80000)
 PSPermGen       total 21504K, used 4676K [0x0000000400000000, 0x0000000401500000, 0x0000000440000000)
  object space 21504K, 21% used [0x0000000400000000,0x0000000400491310,0x0000000401500000)
Event: 9.122 GC heap after
Heap after GC invocations=14 (full 2):
 PSYoungGen      total 151552K, used 18209K [0x00000006c0000000, 0x00000006ccd80000, 0x0000000800000000)
  eden space 133120K, 0% used [0x00000006c0000000,0x00000006c0000000,0x00000006c8200000)
  from space 18432K, 98% used [0x00000006cbb80000,0x00000006ccd48720,0x00000006ccd80000)
  to   space 23552K, 0% used [0x00000006c9f80000,0x00000006c9f80000,0x00000006cb680000)
 ParOldGen       total 80384K, used 55307K [0x0000000440000000, 0x0000000444e80000, 0x00000006c0000000)
  object space 80384K, 68% used [0x0000000440000000,0x0000000443602d40,0x0000000444e80000)
 PSPermGen       total 21504K, used 4676K [0x0000000400000000, 0x0000000401500000, 0x0000000440000000)
  object space 21504K, 21% used [0x0000000400000000,0x0000000400491310,0x0000000401500000)
}

