# JRE version: OpenJDK Runtime Environment (7.0_79-b14) (build 1.7.0_79-b14)
# Java VM: OpenJDK 64-Bit Server VM (24.79-b02 mixed mode linux-amd64 compressed oops)
Heap
 PSYoungGen      total 179712K, used 61488K [0x00000006c0000000, 0x00000006cda80000, 0x0000000800000000)
  eden space 155648K, 24% used [0x00000006c0000000,0x00000006c2493ab0,0x00000006c9800000)
  from space 24064K, 99% used [0x00000006cc300000,0x00000006cda787b0,0x00000006cda80000)
  to   space 28672K, 0% used [0x00000006ca280000,0x00000006ca280000,0x00000006cbe80000)
 ParOldGen       total 83968K, used 50240K [0x0000000440000000, 0x0000000445200000, 0x00000006c0000000)
  object space 83968K, 59% used [0x0000000440000000,0x0000000443110010,0x0000000445200000)
 PSPermGen       total 21504K, used 4695K [0x0000000400000000, 0x0000000401500000, 0x0000000440000000)
  object space 21504K, 21% used [0x0000000400000000,0x0000000400495d68,0x0000000401500000)
GC Heap History (10 events):
Event: 0.821 GC heap before
{Heap before GC invocations=8 (full 0):
 PSYoungGen      total 75264K, used 75264K [0x00000006c0000000, 0x00000006c9d00000, 0x0000000800000000)
  eden space 69632K, 100% used [0x00000006c0000000,0x00000006c4400000,0x00000006c4400000)
  from space 5632K, 100% used [0x00000006c4400000,0x00000006c4980000,0x00000006c4980000)
  to   space 10752K, 0% used [0x00000006c9280000,0x00000006c9280000,0x00000006c9d00000)
 ParOldGen       total 22016K, used 14787K [0x0000000440000000, 0x0000000441580000, 0x00000006c0000000)
  object space 22016K, 67% used [0x0000000440000000,0x0000000440e70e08,0x0000000441580000)
 PSPermGen       total 21504K, used 4371K [0x0000000400000000, 0x0000000401500000, 0x0000000440000000)
  object space 21504K, 20% used [0x0000000400000000,0x0000000400444de8,0x0000000401500000)
Event: 0.843 GC heap after
Heap after GC invocations=8 (full 0):
 PSYoungGen      total 144384K, used 10752K [0x00000006c0000000, 0x00000006ca800000, 0x0000000800000000)
  eden space 133632K, 0% used [0x00000006c0000000,0x00000006c0000000,0x00000006c8280000)
  from space 10752K, 100% used [0x00000006c9280000,0x00000006c9d00000,0x00000006c9d00000)
  to   space 16384K, 0% used [0x00000006c8280000,0x00000006c8280000,0x00000006c9280000)
 ParOldGen       total 27648K, used 22259K [0x0000000440000000, 0x0000000441b00000, 0x00000006c0000000)
  object space 27648K, 80% used [0x0000000440000000,0x00000004415bce08,0x0000000441b00000)
 PSPermGen       total 21504K, used 4371K [0x0000000400000000, 0x0000000401500000, 0x0000000440000000)
  object space 21504K, 20% used [0x0000000400000000,0x0000000400444de8,0x0000000401500000)
}
Event: 0.843 GC heap before
{Heap before GC invocations=9 (full 1):
 PSYoungGen      total 144384K, used 10752K [0x00000006c0000000, 0x00000006ca800000, 0x0000000800000000)
  eden space 133632K, 0% used [0x00000006c0000000,0x00000006c0000000,0x00000006c8280000)
  from space 10752K, 100% used [0x00000006c9280000,0x00000006c9d00000,0x00000006c9d00000)
  to   space 16384K, 0% used [0x00000006c8280000,0x00000006c8280000,0x00000006c9280000)
 ParOldGen       total 27648K, used 22259K [0x0000000440000000, 0x0000000441b00000, 0x00000006c0000000)
  object space 27648K, 80% used [0x0000000440000000,0x00000004415bce08,0x0000000441b00000)
 PSPermGen       total 21504K, used 4371K [0x0000000400000000, 0x0000000401500000, 0x0000000440000000)
  object space 21504K, 20% used [0x0000000400000000,0x0000000400444de8,0x0000000401500000)
Event: 1.011 GC heap after
Heap after GC invocations=9 (full 1):
 PSYoungGen      total 144384K, used 4602K [0x00000006c0000000, 0x00000006ca800000, 0x0000000800000000)
  eden space 133632K, 0% used [0x00000006c0000000,0x00000006c0000000,0x00000006c8280000)
  from space 10752K, 42% used [0x00000006c9280000,0x00000006c96fe900,0x00000006c9d00000)
  to   space 16384K, 0% used [0x00000006c8280000,0x00000006c8280000,0x00000006c9280000)
 ParOldGen       total 49664K, used 27593K [0x0000000440000000, 0x0000000443080000, 0x00000006c0000000)
  object space 49664K, 55% used [0x0000000440000000,0x0000000441af2778,0x0000000443080000)
 PSPermGen       total 21504K, used 4370K [0x0000000400000000, 0x0000000401500000, 0x0000000440000000)
  object space 21504K, 20% used [0x0000000400000000,0x0000000400444930,0x0000000401500000)
}
Event: 1.121 GC heap before
{Heap before GC invocations=10 (full 1):
 PSYoungGen      total 144384K, used 138234K [0x00000006c0000000, 0x00000006ca800000, 0x0000000800000000)
  eden space 133632K, 100% used [0x00000006c0000000,0x00000006c8280000,0x00000006c8280000)
  from space 10752K, 42% used [0x00000006c9280000,0x00000006c96fe900,0x00000006c9d00000)
  to   space 16384K, 0% used [0x00000006c8280000,0x00000006c8280000,0x00000006c9280000)
 ParOldGen       total 49664K, used 27593K [0x0000000440000000, 0x0000000443080000, 0x00000006c0000000)
  object space 49664K, 55% used [0x0000000440000000,0x0000000441af2778,0x0000000443080000)
 PSPermGen       total 21504K, used 4370K [0x0000000400000000, 0x0000000401500000, 0x0000000440000000)
  object space 21504K, 20% used [0x0000000400000000,0x0000000400444930,0x0000000401500000)
Event: 1.139 GC heap after
Heap after GC invocations=10 (full 1):
 PSYoungGen      total 150016K, used 16384K [0x00000006c0000000, 0x00000006cda80000, 0x0000000800000000)
  eden space 133632K, 0% used [0x00000006c0000000,0x00000006c0000000,0x00000006c8280000)
  from space 16384K, 100% used [0x00000006c8280000,0x00000006c9280000,0x00000006c9280000)
  to   space 24064K, 0% used [0x00000006cc300000,0x00000006cc300000,0x00000006cda80000)
 ParOldGen       total 49664K, used 39377K [0x0000000440000000, 0x0000000443080000, 0x00000006c0000000)
  object space 49664K, 79% used [0x0000000440000000,0x0000000442674778,0x0000000443080000)
 PSPermGen       total 21504K, used 4370K [0x0000000400000000, 0x0000000401500000, 0x0000000440000000)
  object space 21504K, 20% used [0x0000000400000000,0x0000000400444930,0x0000000401500000)
}
Event: 1.139 GC heap before
{Heap before GC invocations=11 (full 2):
 PSYoungGen      total 150016K, used 16384K [0x00000006c0000000, 0x00000006cda80000, 0x0000000800000000)
  eden space 133632K, 0% used [0x00000006c0000000,0x00000006c0000000,0x00000006c8280000)
  from space 16384K, 100% used [0x00000006c8280000,0x00000006c9280000,0x00000006c9280000)
  to   space 24064K, 0% used [0x00000006cc300000,0x00000006cc300000,0x00000006cda80000)
 ParOldGen       total 49664K, used 39377K [0x0000000440000000, 0x0000000443080000, 0x00000006c0000000)
  object space 49664K, 79% used [0x0000000440000000,0x0000000442674778,0x0000000443080000)
 PSPermGen       total 21504K, used 4370K [0x0000000400000000, 0x0000000401500000, 0x0000000440000000)
  object space 21504K, 20% used [0x0000000400000000,0x0000000400444930,0x0000000401500000)
Event: 1.358 GC heap after
Heap after GC invocations=11 (full 2):
 PSYoungGen      total 150016K, used 6136K [0x00000006c0000000, 0x00000006cda80000, 0x0000000800000000)
  eden space 133632K, 0% used [0x00000006c0000000,0x00000006c0000000,0x00000006c8280000)
  from space 16384K, 37% used [0x00000006c8280000,0x00000006c887e0b8,0x00000006c9280000)
  to   space 24064K, 0% used [0x00000006cc300000,0x00000006cc300000,0x00000006cda80000)
 ParOldGen       total 83968K, used 49484K [0x0000000440000000, 0x0000000445200000, 0x00000006c0000000)
  object space 83968K, 58% used [0x0000000440000000,0x0000000443053260,0x0000000445200000)
 PSPermGen       total 21504K, used 4370K [0x0000000400000000, 0x0000000401500000, 0x0000000440000000)
  object space 21504K, 20% used [0x0000000400000000,0x0000000400444930,0x0000000401500000)
}
Event: 1.773 GC heap before
{Heap before GC invocations=12 (full 2):
 PSYoungGen      total 150016K, used 139768K [0x00000006c0000000, 0x00000006cda80000, 0x0000000800000000)
  eden space 133632K, 100% used [0x00000006c0000000,0x00000006c8280000,0x00000006c8280000)
  from space 16384K, 37% used [0x00000006c8280000,0x00000006c887e0b8,0x00000006c9280000)
  to   space 24064K, 0% used [0x00000006cc300000,0x00000006cc300000,0x00000006cda80000)
 ParOldGen       total 83968K, used 49484K [0x0000000440000000, 0x0000000445200000, 0x00000006c0000000)
  object space 83968K, 58% used [0x0000000440000000,0x0000000443053260,0x0000000445200000)
 PSPermGen       total 21504K, used 4694K [0x0000000400000000, 0x0000000401500000, 0x0000000440000000)
  object space 21504K, 21% used [0x0000000400000000,0x0000000400495bc0,0x0000000401500000)
Event: 1.799 GC heap after
Heap after GC invocations=12 (full 2):
 PSYoungGen      total 179712K, used 24033K [0x00000006c0000000, 0x00000006cda80000, 0x0000000800000000)
  eden space 155648K, 0% used [0x00000006c0000000,0x00000006c0000000,0x00000006c9800000)
  from space 24064K, 99% used [0x00000006cc300000,0x00000006cda787b0,0x00000006cda80000)
  to   space 28672K, 0% used [0x00000006ca280000,0x00000006ca280000,0x00000006cbe80000)
 ParOldGen       total 83968K, used 50240K [0x0000000440000000, 0x0000000445200000, 0x00000006c0000000)
  object space 83968K, 59% used [0x0000000440000000,0x0000000443110010,0x0000000445200000)
 PSPermGen       total 21504K, used 4694K [0x0000000400000000, 0x0000000401500000, 0x0000000440000000)
  object space 21504K, 21% used [0x0000000400000000,0x0000000400495bc0,0x0000000401500000)
}

