# JRE version: OpenJDK Runtime Environment (7.0_79-b14) (build 1.7.0_79-b14)
# Java VM: OpenJDK 64-Bit Server VM (24.79-b02 mixed mode linux-amd64 compressed oops)
Heap
 PSYoungGen      total 152064K, used 118450K [0x00000006c0000000, 0x00000006cd600000, 0x0000000800000000)
  eden space 129024K, 73% used [0x00000006c0000000,0x00000006c5d34050,0x00000006c7e00000)
  from space 23040K, 99% used [0x00000006c9c80000,0x00000006cb2f8800,0x00000006cb300000)
  to   space 31232K, 0% used [0x00000006c7e00000,0x00000006c7e00000,0x00000006c9c80000)
 ParOldGen       total 77824K, used 51294K [0x0000000440000000, 0x0000000444c00000, 0x00000006c0000000)
  object space 77824K, 65% used [0x0000000440000000,0x0000000443217a78,0x0000000444c00000)
 PSPermGen       total 21504K, used 4694K [0x0000000400000000, 0x0000000401500000, 0x0000000440000000)
  object space 21504K, 21% used [0x0000000400000000,0x0000000400495838,0x0000000401500000)
GC Heap History (10 events):
Event: 0.718 GC heap before
{Heap before GC invocations=8 (full 1):
 PSYoungGen      total 75776K, used 5632K [0x00000006c0000000, 0x00000006c9f00000, 0x0000000800000000)
  eden space 70144K, 0% used [0x00000006c0000000,0x00000006c0000000,0x00000006c4480000)
  from space 5632K, 100% used [0x00000006c4480000,0x00000006c4a00000,0x00000006c4a00000)
  to   space 11264K, 0% used [0x00000006c9400000,0x00000006c9400000,0x00000006c9f00000)
 ParOldGen       total 22016K, used 15130K [0x0000000440000000, 0x0000000441580000, 0x00000006c0000000)
  object space 22016K, 68% used [0x0000000440000000,0x0000000440ec6908,0x0000000441580000)
 PSPermGen       total 21504K, used 4371K [0x0000000400000000, 0x0000000401500000, 0x0000000440000000)
  object space 21504K, 20% used [0x0000000400000000,0x0000000400444de8,0x0000000401500000)
Event: 0.811 GC heap after
Heap after GC invocations=8 (full 1):
 PSYoungGen      total 75776K, used 0K [0x00000006c0000000, 0x00000006c9f00000, 0x0000000800000000)
  eden space 70144K, 0% used [0x00000006c0000000,0x00000006c0000000,0x00000006c4480000)
  from space 5632K, 0% used [0x00000006c4480000,0x00000006c4480000,0x00000006c4a00000)
  to   space 11264K, 0% used [0x00000006c9400000,0x00000006c9400000,0x00000006c9f00000)
 ParOldGen       total 41472K, used 19925K [0x0000000440000000, 0x0000000442880000, 0x00000006c0000000)
  object space 41472K, 48% used [0x0000000440000000,0x00000004413757e0,0x0000000442880000)
 PSPermGen       total 21504K, used 4370K [0x0000000400000000, 0x0000000401500000, 0x0000000440000000)
  object space 21504K, 20% used [0x0000000400000000,0x0000000400444930,0x0000000401500000)
}
Event: 0.880 GC heap before
{Heap before GC invocations=9 (full 1):
 PSYoungGen      total 75776K, used 70144K [0x00000006c0000000, 0x00000006c9f00000, 0x0000000800000000)
  eden space 70144K, 100% used [0x00000006c0000000,0x00000006c4480000,0x00000006c4480000)
  from space 5632K, 0% used [0x00000006c4480000,0x00000006c4480000,0x00000006c4a00000)
  to   space 11264K, 0% used [0x00000006c9400000,0x00000006c9400000,0x00000006c9f00000)
 ParOldGen       total 41472K, used 19925K [0x0000000440000000, 0x0000000442880000, 0x00000006c0000000)
  object space 41472K, 48% used [0x0000000440000000,0x00000004413757e0,0x0000000442880000)
 PSPermGen       total 21504K, used 4370K [0x0000000400000000, 0x0000000401500000, 0x0000000440000000)
  object space 21504K, 20% used [0x0000000400000000,0x0000000400444930,0x0000000401500000)
Event: 0.910 GC heap after
Heap after GC invocations=9 (full 1):
 PSYoungGen      total 115712K, used 11264K [0x00000006c0000000, 0x00000006c9f00000, 0x0000000800000000)
  eden space 104448K, 0% used [0x00000006c0000000,0x00000006c0000000,0x00000006c6600000)
  from space 11264K, 100% used [0x00000006c9400000,0x00000006c9f00000,0x00000006c9f00000)
  to   space 13824K, 0% used [0x00000006c8400000,0x00000006c8400000,0x00000006c9180000)
 ParOldGen       total 41472K, used 21245K [0x0000000440000000, 0x0000000442880000, 0x00000006c0000000)
  object space 41472K, 51% used [0x0000000440000000,0x00000004414bf7e0,0x0000000442880000)
 PSPermGen       total 21504K, used 4370K [0x0000000400000000, 0x0000000401500000, 0x0000000440000000)
  object space 21504K, 20% used [0x0000000400000000,0x0000000400444930,0x0000000401500000)
}
Event: 1.038 GC heap before
{Heap before GC invocations=10 (full 1):
 PSYoungGen      total 115712K, used 115712K [0x00000006c0000000, 0x00000006c9f00000, 0x0000000800000000)
  eden space 104448K, 100% used [0x00000006c0000000,0x00000006c6600000,0x00000006c6600000)
  from space 11264K, 100% used [0x00000006c9400000,0x00000006c9f00000,0x00000006c9f00000)
  to   space 13824K, 0% used [0x00000006c8400000,0x00000006c8400000,0x00000006c9180000)
 ParOldGen       total 41472K, used 21245K [0x0000000440000000, 0x0000000442880000, 0x00000006c0000000)
  object space 41472K, 51% used [0x0000000440000000,0x00000004414bf7e0,0x0000000442880000)
 PSPermGen       total 21504K, used 4370K [0x0000000400000000, 0x0000000401500000, 0x0000000440000000)
  object space 21504K, 20% used [0x0000000400000000,0x0000000400444930,0x0000000401500000)
Event: 1.064 GC heap after
Heap after GC invocations=10 (full 1):
 PSYoungGen      total 148992K, used 13824K [0x00000006c0000000, 0x00000006cb300000, 0x0000000800000000)
  eden space 135168K, 0% used [0x00000006c0000000,0x00000006c0000000,0x00000006c8400000)
  from space 13824K, 100% used [0x00000006c8400000,0x00000006c9180000,0x00000006c9180000)
  to   space 23040K, 0% used [0x00000006c9c80000,0x00000006c9c80000,0x00000006cb300000)
 ParOldGen       total 41472K, used 37197K [0x0000000440000000, 0x0000000442880000, 0x00000006c0000000)
  object space 41472K, 89% used [0x0000000440000000,0x00000004424537e0,0x0000000442880000)
 PSPermGen       total 21504K, used 4370K [0x0000000400000000, 0x0000000401500000, 0x0000000440000000)
  object space 21504K, 20% used [0x0000000400000000,0x0000000400444930,0x0000000401500000)
}
Event: 1.064 GC heap before
{Heap before GC invocations=11 (full 2):
 PSYoungGen      total 148992K, used 13824K [0x00000006c0000000, 0x00000006cb300000, 0x0000000800000000)
  eden space 135168K, 0% used [0x00000006c0000000,0x00000006c0000000,0x00000006c8400000)
  from space 13824K, 100% used [0x00000006c8400000,0x00000006c9180000,0x00000006c9180000)
  to   space 23040K, 0% used [0x00000006c9c80000,0x00000006c9c80000,0x00000006cb300000)
 ParOldGen       total 41472K, used 37197K [0x0000000440000000, 0x0000000442880000, 0x00000006c0000000)
  object space 41472K, 89% used [0x0000000440000000,0x00000004424537e0,0x0000000442880000)
 PSPermGen       total 21504K, used 4370K [0x0000000400000000, 0x0000000401500000, 0x0000000440000000)
  object space 21504K, 20% used [0x0000000400000000,0x0000000400444930,0x0000000401500000)
Event: 1.316 GC heap after
Heap after GC invocations=11 (full 2):
 PSYoungGen      total 148992K, used 9716K [0x00000006c0000000, 0x00000006cb300000, 0x0000000800000000)
  eden space 135168K, 0% used [0x00000006c0000000,0x00000006c0000000,0x00000006c8400000)
  from space 13824K, 70% used [0x00000006c8400000,0x00000006c8d7d250,0x00000006c9180000)
  to   space 23040K, 0% used [0x00000006c9c80000,0x00000006c9c80000,0x00000006cb300000)
 ParOldGen       total 77824K, used 41011K [0x0000000440000000, 0x0000000444c00000, 0x00000006c0000000)
  object space 77824K, 52% used [0x0000000440000000,0x000000044280ccc8,0x0000000444c00000)
 PSPermGen       total 21504K, used 4370K [0x0000000400000000, 0x0000000401500000, 0x0000000440000000)
  object space 21504K, 20% used [0x0000000400000000,0x0000000400444930,0x0000000401500000)
}
Event: 1.624 GC heap before
{Heap before GC invocations=12 (full 2):
 PSYoungGen      total 148992K, used 144884K [0x00000006c0000000, 0x00000006cb300000, 0x0000000800000000)
  eden space 135168K, 100% used [0x00000006c0000000,0x00000006c8400000,0x00000006c8400000)
  from space 13824K, 70% used [0x00000006c8400000,0x00000006c8d7d250,0x00000006c9180000)
  to   space 23040K, 0% used [0x00000006c9c80000,0x00000006c9c80000,0x00000006cb300000)
 ParOldGen       total 77824K, used 41011K [0x0000000440000000, 0x0000000444c00000, 0x00000006c0000000)
  object space 77824K, 52% used [0x0000000440000000,0x000000044280ccc8,0x0000000444c00000)
 PSPermGen       total 21504K, used 4676K [0x0000000400000000, 0x0000000401500000, 0x0000000440000000)
  object space 21504K, 21% used [0x0000000400000000,0x00000004004913c0,0x0000000401500000)
Event: 1.657 GC heap after
Heap after GC invocations=12 (full 2):
 PSYoungGen      total 152064K, used 23010K [0x00000006c0000000, 0x00000006cd600000, 0x0000000800000000)
  eden space 129024K, 0% used [0x00000006c0000000,0x00000006c0000000,0x00000006c7e00000)
  from space 23040K, 99% used [0x00000006c9c80000,0x00000006cb2f8800,0x00000006cb300000)
  to   space 31232K, 0% used [0x00000006c7e00000,0x00000006c7e00000,0x00000006c9c80000)
 ParOldGen       total 77824K, used 51294K [0x0000000440000000, 0x0000000444c00000, 0x00000006c0000000)
  object space 77824K, 65% used [0x0000000440000000,0x0000000443217a78,0x0000000444c00000)
 PSPermGen       total 21504K, used 4676K [0x0000000400000000, 0x0000000401500000, 0x0000000440000000)
  object space 21504K, 21% used [0x0000000400000000,0x00000004004913c0,0x0000000401500000)
}

