# JRE version: OpenJDK Runtime Environment (7.0_79-b14) (build 1.7.0_79-b14)
# Java VM: OpenJDK 64-Bit Server VM (24.79-b02 mixed mode linux-amd64 compressed oops)
Heap
 PSYoungGen      total 144896K, used 119947K [0x00000006c0000000, 0x00000006cb700000, 0x0000000800000000)
  eden space 124928K, 80% used [0x00000006c0000000,0x00000006c61ba6d8,0x00000006c7a00000)
  from space 19968K, 99% used [0x00000006ca380000,0x00000006cb6e8710,0x00000006cb700000)
  to   space 24064K, 0% used [0x00000006c8800000,0x00000006c8800000,0x00000006c9f80000)
 ParOldGen       total 81920K, used 54441K [0x0000000440000000, 0x0000000445000000, 0x00000006c0000000)
  object space 81920K, 66% used [0x0000000440000000,0x000000044352a560,0x0000000445000000)
 PSPermGen       total 21504K, used 5378K [0x0000000400000000, 0x0000000401500000, 0x0000000440000000)
  object space 21504K, 25% used [0x0000000400000000,0x0000000400540a00,0x0000000401500000)
GC Heap History (10 events):
Event: 1.585 GC heap before
{Heap before GC invocations=10 (full 1):
 PSYoungGen      total 75776K, used 4096K [0x00000006c0000000, 0x00000006c8200000, 0x0000000800000000)
  eden space 71680K, 0% used [0x00000006c0000000,0x00000006c0000000,0x00000006c4600000)
  from space 4096K, 100% used [0x00000006c4600000,0x00000006c4a00000,0x00000006c4a00000)
  to   space 9216K, 0% used [0x00000006c7900000,0x00000006c7900000,0x00000006c8200000)
 ParOldGen       total 22016K, used 20403K [0x0000000440000000, 0x0000000441580000, 0x00000006c0000000)
  object space 22016K, 92% used [0x0000000440000000,0x00000004413ece40,0x0000000441580000)
 PSPermGen       total 21504K, used 5055K [0x0000000400000000, 0x0000000401500000, 0x0000000440000000)
  object space 21504K, 23% used [0x0000000400000000,0x00000004004efe58,0x0000000401500000)
Event: 1.683 GC heap after
Heap after GC invocations=10 (full 1):
 PSYoungGen      total 75776K, used 2045K [0x00000006c0000000, 0x00000006c8200000, 0x0000000800000000)
  eden space 71680K, 0% used [0x00000006c0000000,0x00000006c0000000,0x00000006c4600000)
  from space 4096K, 49% used [0x00000006c4600000,0x00000006c47ff6a0,0x00000006c4a00000)
  to   space 9216K, 0% used [0x00000006c7900000,0x00000006c7900000,0x00000006c8200000)
 ParOldGen       total 41472K, used 21512K [0x0000000440000000, 0x0000000442880000, 0x00000006c0000000)
  object space 41472K, 51% used [0x0000000440000000,0x0000000441502340,0x0000000442880000)
 PSPermGen       total 21504K, used 5054K [0x0000000400000000, 0x0000000401500000, 0x0000000440000000)
  object space 21504K, 23% used [0x0000000400000000,0x00000004004ef948,0x0000000401500000)
}
Event: 1.738 GC heap before
{Heap before GC invocations=11 (full 1):
 PSYoungGen      total 75776K, used 73725K [0x00000006c0000000, 0x00000006c8200000, 0x0000000800000000)
  eden space 71680K, 100% used [0x00000006c0000000,0x00000006c4600000,0x00000006c4600000)
  from space 4096K, 49% used [0x00000006c4600000,0x00000006c47ff6a0,0x00000006c4a00000)
  to   space 9216K, 0% used [0x00000006c7900000,0x00000006c7900000,0x00000006c8200000)
 ParOldGen       total 41472K, used 21512K [0x0000000440000000, 0x0000000442880000, 0x00000006c0000000)
  object space 41472K, 51% used [0x0000000440000000,0x0000000441502340,0x0000000442880000)
 PSPermGen       total 21504K, used 5054K [0x0000000400000000, 0x0000000401500000, 0x0000000440000000)
  object space 21504K, 23% used [0x0000000400000000,0x00000004004ef948,0x0000000401500000)
Event: 1.746 GC heap after
Heap after GC invocations=11 (full 1):
 PSYoungGen      total 112128K, used 9216K [0x00000006c0000000, 0x00000006c8200000, 0x0000000800000000)
  eden space 102912K, 0% used [0x00000006c0000000,0x00000006c0000000,0x00000006c6480000)
  from space 9216K, 100% used [0x00000006c7900000,0x00000006c8200000,0x00000006c8200000)
  to   space 12800K, 0% used [0x00000006c6900000,0x00000006c6900000,0x00000006c7580000)
 ParOldGen       total 41472K, used 27256K [0x0000000440000000, 0x0000000442880000, 0x00000006c0000000)
  object space 41472K, 65% used [0x0000000440000000,0x0000000441a9e340,0x0000000442880000)
 PSPermGen       total 21504K, used 5054K [0x0000000400000000, 0x0000000401500000, 0x0000000440000000)
  object space 21504K, 23% used [0x0000000400000000,0x00000004004ef948,0x0000000401500000)
}
Event: 1.830 GC heap before
{Heap before GC invocations=12 (full 1):
 PSYoungGen      total 112128K, used 112128K [0x00000006c0000000, 0x00000006c8200000, 0x0000000800000000)
  eden space 102912K, 100% used [0x00000006c0000000,0x00000006c6480000,0x00000006c6480000)
  from space 9216K, 100% used [0x00000006c7900000,0x00000006c8200000,0x00000006c8200000)
  to   space 12800K, 0% used [0x00000006c6900000,0x00000006c6900000,0x00000006c7580000)
 ParOldGen       total 41472K, used 27256K [0x0000000440000000, 0x0000000442880000, 0x00000006c0000000)
  object space 41472K, 65% used [0x0000000440000000,0x0000000441a9e340,0x0000000442880000)
 PSPermGen       total 21504K, used 5054K [0x0000000400000000, 0x0000000401500000, 0x0000000440000000)
  object space 21504K, 23% used [0x0000000400000000,0x00000004004ef948,0x0000000401500000)
Event: 1.841 GC heap after
Heap after GC invocations=12 (full 1):
 PSYoungGen      total 120320K, used 12800K [0x00000006c0000000, 0x00000006cb780000, 0x0000000800000000)
  eden space 107520K, 0% used [0x00000006c0000000,0x00000006c0000000,0x00000006c6900000)
  from space 12800K, 100% used [0x00000006c6900000,0x00000006c7580000,0x00000006c7580000)
  to   space 20480K, 0% used [0x00000006ca380000,0x00000006ca380000,0x00000006cb780000)
 ParOldGen       total 49664K, used 41872K [0x0000000440000000, 0x0000000443080000, 0x00000006c0000000)
  object space 49664K, 84% used [0x0000000440000000,0x00000004428e4340,0x0000000443080000)
 PSPermGen       total 21504K, used 5054K [0x0000000400000000, 0x0000000401500000, 0x0000000440000000)
  object space 21504K, 23% used [0x0000000400000000,0x00000004004ef948,0x0000000401500000)
}
Event: 1.841 GC heap before
{Heap before GC invocations=13 (full 2):
 PSYoungGen      total 120320K, used 12800K [0x00000006c0000000, 0x00000006cb780000, 0x0000000800000000)
  eden space 107520K, 0% used [0x00000006c0000000,0x00000006c0000000,0x00000006c6900000)
  from space 12800K, 100% used [0x00000006c6900000,0x00000006c7580000,0x00000006c7580000)
  to   space 20480K, 0% used [0x00000006ca380000,0x00000006ca380000,0x00000006cb780000)
 ParOldGen       total 49664K, used 41872K [0x0000000440000000, 0x0000000443080000, 0x00000006c0000000)
  object space 49664K, 84% used [0x0000000440000000,0x00000004428e4340,0x0000000443080000)
 PSPermGen       total 21504K, used 5054K [0x0000000400000000, 0x0000000401500000, 0x0000000440000000)
  object space 21504K, 23% used [0x0000000400000000,0x00000004004ef948,0x0000000401500000)
Event: 2.041 GC heap after
Heap after GC invocations=13 (full 2):
 PSYoungGen      total 120320K, used 5113K [0x00000006c0000000, 0x00000006cb780000, 0x0000000800000000)
  eden space 107520K, 0% used [0x00000006c0000000,0x00000006c0000000,0x00000006c6900000)
  from space 12800K, 39% used [0x00000006c6900000,0x00000006c6dfe6b8,0x00000006c7580000)
  to   space 20480K, 0% used [0x00000006ca380000,0x00000006ca380000,0x00000006cb780000)
 ParOldGen       total 81920K, used 49209K [0x0000000440000000, 0x0000000445000000, 0x00000006c0000000)
  object space 81920K, 60% used [0x0000000440000000,0x000000044300e560,0x0000000445000000)
 PSPermGen       total 21504K, used 5054K [0x0000000400000000, 0x0000000401500000, 0x0000000440000000)
  object space 21504K, 23% used [0x0000000400000000,0x00000004004ef948,0x0000000401500000)
}
Event: 2.210 GC heap before
{Heap before GC invocations=14 (full 2):
 PSYoungGen      total 120320K, used 112633K [0x00000006c0000000, 0x00000006cb780000, 0x0000000800000000)
  eden space 107520K, 100% used [0x00000006c0000000,0x00000006c6900000,0x00000006c6900000)
  from space 12800K, 39% used [0x00000006c6900000,0x00000006c6dfe6b8,0x00000006c7580000)
  to   space 20480K, 0% used [0x00000006ca380000,0x00000006ca380000,0x00000006cb780000)
 ParOldGen       total 81920K, used 49209K [0x0000000440000000, 0x0000000445000000, 0x00000006c0000000)
  object space 81920K, 60% used [0x0000000440000000,0x000000044300e560,0x0000000445000000)
 PSPermGen       total 21504K, used 5232K [0x0000000400000000, 0x0000000401500000, 0x0000000440000000)
  object space 21504K, 24% used [0x0000000400000000,0x000000040051c0e8,0x0000000401500000)
Event: 2.220 GC heap after
Heap after GC invocations=14 (full 2):
 PSYoungGen      total 144896K, used 19873K [0x00000006c0000000, 0x00000006cb700000, 0x0000000800000000)
  eden space 124928K, 0% used [0x00000006c0000000,0x00000006c0000000,0x00000006c7a00000)
  from space 19968K, 99% used [0x00000006ca380000,0x00000006cb6e8710,0x00000006cb700000)
  to   space 24064K, 0% used [0x00000006c8800000,0x00000006c8800000,0x00000006c9f80000)
 ParOldGen       total 81920K, used 54441K [0x0000000440000000, 0x0000000445000000, 0x00000006c0000000)
  object space 81920K, 66% used [0x0000000440000000,0x000000044352a560,0x0000000445000000)
 PSPermGen       total 21504K, used 5232K [0x0000000400000000, 0x0000000401500000, 0x0000000440000000)
  object space 21504K, 24% used [0x0000000400000000,0x000000040051c0e8,0x0000000401500000)
}

