# JRE version: OpenJDK Runtime Environment (7.0_79-b14) (build 1.7.0_79-b14)
# Java VM: OpenJDK 64-Bit Server VM (24.79-b02 mixed mode linux-amd64 compressed oops)
Heap
 PSYoungGen      total 149504K, used 116052K [0x00000006c0000000, 0x00000006cd000000, 0x0000000800000000)
  eden space 130048K, 74% used [0x00000006c0000000,0x00000006c5e6cbf0,0x00000006c7f00000)
  from space 19456K, 99% used [0x00000006cbd00000,0x00000006ccfe87e0,0x00000006cd000000)
  to   space 25600K, 0% used [0x00000006c9e00000,0x00000006c9e00000,0x00000006cb700000)
 ParOldGen       total 73728K, used 54721K [0x0000000440000000, 0x0000000444800000, 0x00000006c0000000)
  object space 73728K, 74% used [0x0000000440000000,0x0000000443570450,0x0000000444800000)
 PSPermGen       total 21504K, used 4695K [0x0000000400000000, 0x0000000401500000, 0x0000000440000000)
  object space 21504K, 21% used [0x0000000400000000,0x0000000400495c78,0x0000000401500000)
GC Heap History (10 events):
Event: 8.257 GC heap before
{Heap before GC invocations=10 (full 1):
 PSYoungGen      total 76288K, used 6132K [0x00000006c0000000, 0x00000006c8400000, 0x0000000800000000)
  eden space 70144K, 0% used [0x00000006c0000000,0x00000006c0000000,0x00000006c4480000)
  from space 6144K, 99% used [0x00000006c4480000,0x00000006c4a7d108,0x00000006c4a80000)
  to   space 11264K, 0% used [0x00000006c7900000,0x00000006c7900000,0x00000006c8400000)
 ParOldGen       total 22016K, used 17814K [0x0000000440000000, 0x0000000441580000, 0x00000006c0000000)
  object space 22016K, 80% used [0x0000000440000000,0x0000000441165838,0x0000000441580000)
 PSPermGen       total 21504K, used 4371K [0x0000000400000000, 0x0000000401500000, 0x0000000440000000)
  object space 21504K, 20% used [0x0000000400000000,0x0000000400444de8,0x0000000401500000)
Event: 8.350 GC heap after
Heap after GC invocations=10 (full 1):
 PSYoungGen      total 76288K, used 1010K [0x00000006c0000000, 0x00000006c8400000, 0x0000000800000000)
  eden space 70144K, 0% used [0x00000006c0000000,0x00000006c0000000,0x00000006c4480000)
  from space 6144K, 16% used [0x00000006c4480000,0x00000006c457cbd8,0x00000006c4a80000)
  to   space 11264K, 0% used [0x00000006c7900000,0x00000006c7900000,0x00000006c8400000)
 ParOldGen       total 38912K, used 21978K [0x0000000440000000, 0x0000000442600000, 0x00000006c0000000)
  object space 38912K, 56% used [0x0000000440000000,0x0000000441576b88,0x0000000442600000)
 PSPermGen       total 21504K, used 4370K [0x0000000400000000, 0x0000000401500000, 0x0000000440000000)
  object space 21504K, 20% used [0x0000000400000000,0x0000000400444930,0x0000000401500000)
}
Event: 8.405 GC heap before
{Heap before GC invocations=11 (full 1):
 PSYoungGen      total 76288K, used 71154K [0x00000006c0000000, 0x00000006c8400000, 0x0000000800000000)
  eden space 70144K, 100% used [0x00000006c0000000,0x00000006c4480000,0x00000006c4480000)
  from space 6144K, 16% used [0x00000006c4480000,0x00000006c457cbd8,0x00000006c4a80000)
  to   space 11264K, 0% used [0x00000006c7900000,0x00000006c7900000,0x00000006c8400000)
 ParOldGen       total 38912K, used 21978K [0x0000000440000000, 0x0000000442600000, 0x00000006c0000000)
  object space 38912K, 56% used [0x0000000440000000,0x0000000441576b88,0x0000000442600000)
 PSPermGen       total 21504K, used 4370K [0x0000000400000000, 0x0000000401500000, 0x0000000440000000)
  object space 21504K, 20% used [0x0000000400000000,0x0000000400444930,0x0000000401500000)
Event: 8.419 GC heap after
Heap after GC invocations=11 (full 1):
 PSYoungGen      total 120832K, used 11264K [0x00000006c0000000, 0x00000006c8700000, 0x0000000800000000)
  eden space 109568K, 0% used [0x00000006c0000000,0x00000006c0000000,0x00000006c6b00000)
  from space 11264K, 100% used [0x00000006c7900000,0x00000006c8400000,0x00000006c8400000)
  to   space 14336K, 0% used [0x00000006c6b00000,0x00000006c6b00000,0x00000006c7900000)
 ParOldGen       total 38912K, used 24330K [0x0000000440000000, 0x0000000442600000, 0x00000006c0000000)
  object space 38912K, 62% used [0x0000000440000000,0x00000004417c2b88,0x0000000442600000)
 PSPermGen       total 21504K, used 4370K [0x0000000400000000, 0x0000000401500000, 0x0000000440000000)
  object space 21504K, 20% used [0x0000000400000000,0x0000000400444930,0x0000000401500000)
}
Event: 8.515 GC heap before
{Heap before GC invocations=12 (full 1):
 PSYoungGen      total 120832K, used 120832K [0x00000006c0000000, 0x00000006c8700000, 0x0000000800000000)
  eden space 109568K, 100% used [0x00000006c0000000,0x00000006c6b00000,0x00000006c6b00000)
  from space 11264K, 100% used [0x00000006c7900000,0x00000006c8400000,0x00000006c8400000)
  to   space 14336K, 0% used [0x00000006c6b00000,0x00000006c6b00000,0x00000006c7900000)
 ParOldGen       total 38912K, used 24330K [0x0000000440000000, 0x0000000442600000, 0x00000006c0000000)
  object space 38912K, 62% used [0x0000000440000000,0x00000004417c2b88,0x0000000442600000)
 PSPermGen       total 21504K, used 4370K [0x0000000400000000, 0x0000000401500000, 0x0000000440000000)
  object space 21504K, 20% used [0x0000000400000000,0x0000000400444930,0x0000000401500000)
Event: 8.534 GC heap after
Heap after GC invocations=12 (full 1):
 PSYoungGen      total 123904K, used 14336K [0x00000006c0000000, 0x00000006cd300000, 0x0000000800000000)
  eden space 109568K, 0% used [0x00000006c0000000,0x00000006c0000000,0x00000006c6b00000)
  from space 14336K, 100% used [0x00000006c6b00000,0x00000006c7900000,0x00000006c7900000)
  to   space 22528K, 0% used [0x00000006cbd00000,0x00000006cbd00000,0x00000006cd300000)
 ParOldGen       total 45056K, used 40578K [0x0000000440000000, 0x0000000442c00000, 0x00000006c0000000)
  object space 45056K, 90% used [0x0000000440000000,0x00000004427a0b88,0x0000000442c00000)
 PSPermGen       total 21504K, used 4370K [0x0000000400000000, 0x0000000401500000, 0x0000000440000000)
  object space 21504K, 20% used [0x0000000400000000,0x0000000400444930,0x0000000401500000)
}
Event: 8.535 GC heap before
{Heap before GC invocations=13 (full 2):
 PSYoungGen      total 123904K, used 14336K [0x00000006c0000000, 0x00000006cd300000, 0x0000000800000000)
  eden space 109568K, 0% used [0x00000006c0000000,0x00000006c0000000,0x00000006c6b00000)
  from space 14336K, 100% used [0x00000006c6b00000,0x00000006c7900000,0x00000006c7900000)
  to   space 22528K, 0% used [0x00000006cbd00000,0x00000006cbd00000,0x00000006cd300000)
 ParOldGen       total 45056K, used 40578K [0x0000000440000000, 0x0000000442c00000, 0x00000006c0000000)
  object space 45056K, 90% used [0x0000000440000000,0x00000004427a0b88,0x0000000442c00000)
 PSPermGen       total 21504K, used 4370K [0x0000000400000000, 0x0000000401500000, 0x0000000440000000)
  object space 21504K, 20% used [0x0000000400000000,0x0000000400444930,0x0000000401500000)
Event: 8.755 GC heap after
Heap after GC invocations=13 (full 2):
 PSYoungGen      total 123904K, used 9716K [0x00000006c0000000, 0x00000006cd300000, 0x0000000800000000)
  eden space 109568K, 0% used [0x00000006c0000000,0x00000006c0000000,0x00000006c6b00000)
  from space 14336K, 67% used [0x00000006c6b00000,0x00000006c747d028,0x00000006c7900000)
  to   space 22528K, 0% used [0x00000006cbd00000,0x00000006cbd00000,0x00000006cd300000)
 ParOldGen       total 73728K, used 44897K [0x0000000440000000, 0x0000000444800000, 0x00000006c0000000)
  object space 73728K, 60% used [0x0000000440000000,0x0000000442bd8450,0x0000000444800000)
 PSPermGen       total 21504K, used 4370K [0x0000000400000000, 0x0000000401500000, 0x0000000440000000)
  object space 21504K, 20% used [0x0000000400000000,0x0000000400444930,0x0000000401500000)
}
Event: 9.013 GC heap before
{Heap before GC invocations=14 (full 2):
 PSYoungGen      total 123904K, used 119284K [0x00000006c0000000, 0x00000006cd300000, 0x0000000800000000)
  eden space 109568K, 100% used [0x00000006c0000000,0x00000006c6b00000,0x00000006c6b00000)
  from space 14336K, 67% used [0x00000006c6b00000,0x00000006c747d028,0x00000006c7900000)
  to   space 22528K, 0% used [0x00000006cbd00000,0x00000006cbd00000,0x00000006cd300000)
 ParOldGen       total 73728K, used 44897K [0x0000000440000000, 0x0000000444800000, 0x00000006c0000000)
  object space 73728K, 60% used [0x0000000440000000,0x0000000442bd8450,0x0000000444800000)
 PSPermGen       total 21504K, used 4650K [0x0000000400000000, 0x0000000401500000, 0x0000000440000000)
  object space 21504K, 21% used [0x0000000400000000,0x000000040048a850,0x0000000401500000)
Event: 9.039 GC heap after
Heap after GC invocations=14 (full 2):
 PSYoungGen      total 149504K, used 19361K [0x00000006c0000000, 0x00000006cd000000, 0x0000000800000000)
  eden space 130048K, 0% used [0x00000006c0000000,0x00000006c0000000,0x00000006c7f00000)
  from space 19456K, 99% used [0x00000006cbd00000,0x00000006ccfe87e0,0x00000006cd000000)
  to   space 25600K, 0% used [0x00000006c9e00000,0x00000006c9e00000,0x00000006cb700000)
 ParOldGen       total 73728K, used 54721K [0x0000000440000000, 0x0000000444800000, 0x00000006c0000000)
  object space 73728K, 74% used [0x0000000440000000,0x0000000443570450,0x0000000444800000)
 PSPermGen       total 21504K, used 4650K [0x0000000400000000, 0x0000000401500000, 0x0000000440000000)
  object space 21504K, 21% used [0x0000000400000000,0x000000040048a850,0x0000000401500000)
}

